<?xml version="1.0" encoding="UTF-8"?>
<!-- Generated by org.testng.reporters.JUnitXMLReporter -->
<testsuite ignored="0" hostname="DESKTOP-95QHTH0" failures="0" tests="3" name="Test" time="8.955" errors="0" timestamp="2023-08-09T19:04:28 IST">
  <testcase classname="com.qa.testscripts.flipkart" name="checkPopUpCloseButton" time="0.222"/>
  <testcase classname="com.qa.testscripts.flipkart" name="checkPosition" time="0.152"/>
  <testcase classname="com.qa.testscripts.flipkart" name="checkSearch" time="8.287"/>
</testsuite> <!-- Test -->
